-------------------------------------------------------------------------------
Test set: uk.ac.ed.inf.AppTest
-------------------------------------------------------------------------------
Tests run: 4, Failures: 2, Errors: 0, Skipped: 0, Time elapsed: 4.919 s <<< FAILURE! -- in uk.ac.ed.inf.AppTest
uk.ac.ed.inf.AppTest.allTestsPass -- Time elapsed: 0.369 s <<< FAILURE!
org.opentest4j.AssertionFailedError: expected: <true> but was: <false>
	at org.junit.jupiter.api.AssertionFailureBuilder.build(AssertionFailureBuilder.java:151)
	at org.junit.jupiter.api.AssertionFailureBuilder.buildAndThrow(AssertionFailureBuilder.java:132)
	at org.junit.jupiter.api.AssertTrue.failNotTrue(AssertTrue.java:63)
	at org.junit.jupiter.api.AssertTrue.assertTrue(AssertTrue.java:36)
	at org.junit.jupiter.api.AssertTrue.assertTrue(AssertTrue.java:31)
	at org.junit.jupiter.api.Assertions.assertTrue(Assertions.java:183)
	at uk.ac.ed.inf.RetrieverTests.wrongURL(RetrieverTests.java:37)
	at uk.ac.ed.inf.RetrieverTests.allTestsPass(RetrieverTests.java:15)
	at uk.ac.ed.inf.AppTest.allTestsPass(AppTest.java:62)
	at java.base/java.lang.reflect.Method.invoke(Method.java:577)
	at java.base/java.util.ArrayList.forEach(ArrayList.java:1511)
	at java.base/java.util.ArrayList.forEach(ArrayList.java:1511)

uk.ac.ed.inf.AppTest.everythingWorks -- Time elapsed: 0.078 s <<< FAILURE!
org.opentest4j.AssertionFailedError: expected: <true> but was: <false>
	at org.junit.jupiter.api.AssertionFailureBuilder.build(AssertionFailureBuilder.java:151)
	at org.junit.jupiter.api.AssertionFailureBuilder.buildAndThrow(AssertionFailureBuilder.java:132)
	at org.junit.jupiter.api.AssertTrue.failNotTrue(AssertTrue.java:63)
	at org.junit.jupiter.api.AssertTrue.assertTrue(AssertTrue.java:36)
	at org.junit.jupiter.api.AssertTrue.assertTrue(AssertTrue.java:31)
	at org.junit.jupiter.api.Assertions.assertTrue(Assertions.java:183)
	at uk.ac.ed.inf.RetrieverTests.wrongURL(RetrieverTests.java:37)
	at uk.ac.ed.inf.RetrieverTests.allTestsPass(RetrieverTests.java:15)
	at uk.ac.ed.inf.AppTest.allTestsPass(AppTest.java:62)
	at uk.ac.ed.inf.AppTest.everythingWorks(AppTest.java:21)
	at java.base/java.lang.reflect.Method.invoke(Method.java:577)
	at java.base/java.util.ArrayList.forEach(ArrayList.java:1511)
	at java.base/java.util.ArrayList.forEach(ArrayList.java:1511)

